<?xml version="1.0" encoding="UTF-8"?>
<!-- Generated by org.testng.reporters.JUnitReportReporter -->
<testsuite hostname="Тоха" failures="0" tests="1" name="triangle_test.Test_GetMessage" time="0.019" errors="0" timestamp="28 нояб. 2018 06:01:33 GMT" skipped="0">
  <testcase classname="triangle_test.Test_GetMessage" name="test_getMessage" time="0.019"/>
</testsuite> <!-- triangle_test.Test_GetMessage -->
