<?xml version="1.0" encoding="UTF-8"?>
<!-- Generated by org.testng.reporters.JUnitReportReporter -->
<testsuite hostname="Тоха" failures="0" tests="3" name="triangle_test.Tst_TriangleDataProvider" time="0.018" errors="0" timestamp="01 дек. 2018 06:23:47 GMT" skipped="0">
  <testcase classname="triangle_test.Tst_TriangleDataProvider" name="test_getSquareDataProvider" time="0.001"/>
  <testcase classname="triangle_test.Tst_TriangleDataProvider" name="test_getSquareDataProvider" time="0.008"/>
  <testcase classname="triangle_test.Tst_TriangleDataProvider" name="test_getSquareDataProvider" time="0.009"/>
</testsuite> <!-- triangle_test.Tst_TriangleDataProvider -->
