<?xml version="1.0" encoding="UTF-8"?>
<!-- Generated by org.testng.reporters.JUnitReportReporter -->
<testsuite hostname="Тоха" failures="0" tests="3" name="triangle_test.Tst_TriangleDataProvider" time="0.007" errors="0" timestamp="29 нояб. 2018 08:14:32 GMT" skipped="0">
  <testcase classname="triangle_test.Tst_TriangleDataProvider" name="test_getSquareDataProvider" time="0.002"/>
  <testcase classname="triangle_test.Tst_TriangleDataProvider" name="test_getSquareDataProvider" time="0.002"/>
  <testcase classname="triangle_test.Tst_TriangleDataProvider" name="test_getSquareDataProvider" time="0.003"/>
</testsuite> <!-- triangle_test.Tst_TriangleDataProvider -->
