<?xml version="1.0" encoding="UTF-8"?>
<!-- Generated by org.testng.reporters.JUnitReportReporter -->
<testsuite hostname="Тоха" failures="0" tests="1" name="loginTest" time="0.019" errors="0" timestamp="27 нояб. 2018 07:39:02 GMT" skipped="0">
  <testcase classname="loginTest" name="ggg" time="0.019"/>
</testsuite> <!-- loginTest -->
