<?xml version="1.0" encoding="UTF-8"?>
<!-- Generated by org.testng.reporters.JUnitReportReporter -->
<testsuite hostname="Тоха" failures="0" tests="3" name="triangle_test.Tst_TriangleDataProvider" time="0.032" errors="0" timestamp="02 дек. 2018 14:10:41 GMT" skipped="0">
  <testcase classname="triangle_test.Tst_TriangleDataProvider" name="test_getSquareDataProvider" time="0.000"/>
  <testcase classname="triangle_test.Tst_TriangleDataProvider" name="test_getSquareDataProvider" time="0.000"/>
  <testcase classname="triangle_test.Tst_TriangleDataProvider" name="test_getSquareDataProvider" time="0.032"/>
</testsuite> <!-- triangle_test.Tst_TriangleDataProvider -->
